[2020-12-03 20:02:31] app.ERROR: The addon with id 29992 does not have name. [] []
[2020-12-03 20:02:32] app.INFO: Protect vendor folder in module contactform [] []
[2020-12-03 20:02:32] app.INFO: Module contactform has no vendor folder [] []
[2020-12-03 20:02:34] app.INFO: Protect vendor folder in module dashactivity [] []
[2020-12-03 20:02:34] app.INFO: Module dashactivity has no vendor folder [] []
[2020-12-03 20:02:36] app.INFO: Protect vendor folder in module dashgoals [] []
[2020-12-03 20:02:36] app.INFO: Module dashgoals has no vendor folder [] []
[2020-12-03 20:02:37] app.INFO: Protect vendor folder in module dashproducts [] []
[2020-12-03 20:02:37] app.INFO: Module dashproducts has no vendor folder [] []
[2020-12-03 20:02:38] app.INFO: Protect vendor folder in module dashtrends [] []
[2020-12-03 20:02:38] app.INFO: Module dashtrends has no vendor folder [] []
[2020-12-03 20:02:38] app.INFO: Protect vendor folder in module graphnvd3 [] []
[2020-12-03 20:02:38] app.INFO: Module graphnvd3 has no vendor folder [] []
[2020-12-03 20:02:39] app.INFO: Protect vendor folder in module gridhtml [] []
[2020-12-03 20:02:39] app.INFO: Module gridhtml has no vendor folder [] []
[2020-12-03 20:02:40] app.INFO: Protect vendor folder in module gsitemap [] []
[2020-12-03 20:02:40] app.INFO: Module gsitemap has no vendor folder [] []
[2020-12-03 20:02:41] app.INFO: Protect vendor folder in module pagesnotfound [] []
[2020-12-03 20:02:41] app.INFO: Module pagesnotfound has no vendor folder [] []
[2020-12-03 20:02:45] app.INFO: Protect vendor folder in module productcomments [] []
[2020-12-03 20:02:45] app.INFO: Module productcomments has no vendor folder [] []
[2020-12-03 20:02:46] app.INFO: Protect vendor folder in module ps_banner [] []
[2020-12-03 20:02:46] app.INFO: Module ps_banner has no vendor folder [] []
[2020-12-03 20:02:47] app.INFO: Protect vendor folder in module ps_categorytree [] []
[2020-12-03 20:02:47] app.INFO: Module ps_categorytree has no vendor folder [] []
[2020-12-03 20:02:48] app.INFO: Protect vendor folder in module ps_checkpayment [] []
[2020-12-03 20:02:48] app.INFO: Module ps_checkpayment has no vendor folder [] []
[2020-12-03 20:02:48] app.INFO: Protect vendor folder in module ps_contactinfo [] []
[2020-12-03 20:02:48] app.INFO: Module ps_contactinfo has no vendor folder [] []
[2020-12-03 20:02:49] app.INFO: Protect vendor folder in module ps_crossselling [] []
[2020-12-03 20:02:49] app.INFO: Module ps_crossselling has no vendor folder [] []
[2020-12-03 20:02:49] app.INFO: Protect vendor folder in module ps_currencyselector [] []
[2020-12-03 20:02:49] app.INFO: Module ps_currencyselector has no vendor folder [] []
[2020-12-03 20:02:50] app.INFO: Protect vendor folder in module ps_customeraccountlinks [] []
[2020-12-03 20:02:50] app.INFO: Module ps_customeraccountlinks has no vendor folder [] []
[2020-12-03 20:02:50] app.INFO: Protect vendor folder in module ps_customersignin [] []
[2020-12-03 20:02:50] app.INFO: Module ps_customersignin has no vendor folder [] []
[2020-12-03 20:02:52] app.INFO: Protect vendor folder in module ps_customtext [] []
[2020-12-03 20:02:52] app.INFO: Module ps_customtext has no vendor folder [] []
[2020-12-03 20:02:53] app.INFO: Protect vendor folder in module ps_dataprivacy [] []
[2020-12-03 20:02:53] app.INFO: Module ps_dataprivacy has no vendor folder [] []
[2020-12-03 20:02:55] app.INFO: Protect vendor folder in module ps_emailsubscription [] []
[2020-12-03 20:02:55] app.INFO: Module ps_emailsubscription has no vendor folder [] []
[2020-12-03 20:03:02] app.INFO: Protect vendor folder in module ps_facetedsearch [] []
[2020-12-03 20:03:02] app.INFO: Module ps_facetedsearch has no vendor folder [] []
[2020-12-03 20:03:03] app.INFO: Protect vendor folder in module ps_faviconnotificationbo [] []
[2020-12-03 20:03:03] app.INFO: Module ps_faviconnotificationbo has no vendor folder [] []
[2020-12-03 20:03:04] app.INFO: Protect vendor folder in module ps_featuredproducts [] []
[2020-12-03 20:03:04] app.INFO: Module ps_featuredproducts has no vendor folder [] []
[2020-12-03 20:03:06] app.INFO: Protect vendor folder in module ps_imageslider [] []
[2020-12-03 20:03:06] app.INFO: Module ps_imageslider has no vendor folder [] []
[2020-12-03 20:03:07] app.INFO: Protect vendor folder in module ps_languageselector [] []
[2020-12-03 20:03:07] app.INFO: Module ps_languageselector has no vendor folder [] []
[2020-12-03 20:03:09] app.INFO: Protect vendor folder in module ps_linklist [] []
[2020-12-03 20:03:09] app.INFO: Module ps_linklist has no vendor folder [] []
[2020-12-03 20:03:09] app.ERROR: Cannot register tab "AdminLinkWidget" because it already exists [] []
[2020-12-03 20:03:11] app.INFO: Protect vendor folder in module ps_mainmenu [] []
[2020-12-03 20:03:11] app.INFO: Module ps_mainmenu has no vendor folder [] []
[2020-12-03 20:03:12] app.INFO: Protect vendor folder in module ps_searchbar [] []
[2020-12-03 20:03:12] app.INFO: Module ps_searchbar has no vendor folder [] []
[2020-12-03 20:03:12] app.INFO: Protect vendor folder in module ps_sharebuttons [] []
[2020-12-03 20:03:12] app.INFO: Module ps_sharebuttons has no vendor folder [] []
[2020-12-03 20:03:13] app.INFO: Protect vendor folder in module ps_shoppingcart [] []
[2020-12-03 20:03:13] app.INFO: Module ps_shoppingcart has no vendor folder [] []
[2020-12-03 20:03:13] app.INFO: Protect vendor folder in module ps_socialfollow [] []
[2020-12-03 20:03:13] app.INFO: Module ps_socialfollow has no vendor folder [] []
[2020-12-03 20:03:15] app.INFO: Protect vendor folder in module ps_themecusto [] []
[2020-12-03 20:03:15] app.INFO: Module ps_themecusto has no vendor folder [] []
[2020-12-03 20:03:16] app.INFO: Protect vendor folder in module ps_wirepayment [] []
[2020-12-03 20:03:16] app.INFO: Module ps_wirepayment has no vendor folder [] []
[2020-12-03 20:03:16] app.INFO: Protect vendor folder in module sekeywords [] []
[2020-12-03 20:03:16] app.INFO: Module sekeywords has no vendor folder [] []
[2020-12-03 20:03:17] app.INFO: Protect vendor folder in module statsbestcategories [] []
[2020-12-03 20:03:17] app.INFO: Module statsbestcategories has no vendor folder [] []
[2020-12-03 20:03:17] app.INFO: Protect vendor folder in module statsbestcustomers [] []
[2020-12-03 20:03:17] app.INFO: Module statsbestcustomers has no vendor folder [] []
[2020-12-03 20:03:18] app.INFO: Protect vendor folder in module statsbestproducts [] []
[2020-12-03 20:03:18] app.INFO: Module statsbestproducts has no vendor folder [] []
[2020-12-03 20:03:18] app.INFO: Protect vendor folder in module statsbestsuppliers [] []
[2020-12-03 20:03:18] app.INFO: Module statsbestsuppliers has no vendor folder [] []
[2020-12-03 20:03:19] app.INFO: Protect vendor folder in module statsbestvouchers [] []
[2020-12-03 20:03:19] app.INFO: Module statsbestvouchers has no vendor folder [] []
[2020-12-03 20:03:19] app.INFO: Protect vendor folder in module statscarrier [] []
[2020-12-03 20:03:19] app.INFO: Module statscarrier has no vendor folder [] []
[2020-12-03 20:03:20] app.INFO: Protect vendor folder in module statscatalog [] []
[2020-12-03 20:03:20] app.INFO: Module statscatalog has no vendor folder [] []
[2020-12-03 20:03:20] app.INFO: Protect vendor folder in module statscheckup [] []
[2020-12-03 20:03:20] app.INFO: Module statscheckup has no vendor folder [] []
[2020-12-03 20:03:21] app.INFO: Protect vendor folder in module statsdata [] []
[2020-12-03 20:03:21] app.INFO: Module statsdata has no vendor folder [] []
[2020-12-03 20:03:21] app.INFO: Protect vendor folder in module statsequipment [] []
[2020-12-03 20:03:21] app.INFO: Module statsequipment has no vendor folder [] []
[2020-12-03 20:03:22] app.INFO: Protect vendor folder in module statsforecast [] []
[2020-12-03 20:03:22] app.INFO: Module statsforecast has no vendor folder [] []
[2020-12-03 20:03:22] app.INFO: Protect vendor folder in module statslive [] []
[2020-12-03 20:03:22] app.INFO: Module statslive has no vendor folder [] []
[2020-12-03 20:03:23] app.INFO: Protect vendor folder in module statsnewsletter [] []
[2020-12-03 20:03:23] app.INFO: Module statsnewsletter has no vendor folder [] []
[2020-12-03 20:03:23] app.INFO: Protect vendor folder in module statsorigin [] []
[2020-12-03 20:03:23] app.INFO: Module statsorigin has no vendor folder [] []
[2020-12-03 20:03:24] app.INFO: Protect vendor folder in module statspersonalinfos [] []
[2020-12-03 20:03:24] app.INFO: Module statspersonalinfos has no vendor folder [] []
[2020-12-03 20:03:24] app.INFO: Protect vendor folder in module statsproduct [] []
[2020-12-03 20:03:24] app.INFO: Module statsproduct has no vendor folder [] []
[2020-12-03 20:03:25] app.INFO: Protect vendor folder in module statsregistrations [] []
[2020-12-03 20:03:25] app.INFO: Module statsregistrations has no vendor folder [] []
[2020-12-03 20:03:25] app.INFO: Protect vendor folder in module statssales [] []
[2020-12-03 20:03:25] app.INFO: Module statssales has no vendor folder [] []
[2020-12-03 20:03:26] app.INFO: Protect vendor folder in module statssearch [] []
[2020-12-03 20:03:26] app.INFO: Module statssearch has no vendor folder [] []
[2020-12-03 20:03:27] app.INFO: Protect vendor folder in module statsstock [] []
[2020-12-03 20:03:27] app.INFO: Module statsstock has no vendor folder [] []
[2020-12-03 20:03:27] app.INFO: Protect vendor folder in module statsvisits [] []
[2020-12-03 20:03:27] app.INFO: Module statsvisits has no vendor folder [] []
[2020-12-03 20:03:28] app.INFO: Protect vendor folder in module welcome [] []
[2020-12-03 20:03:28] app.INFO: Module welcome has no vendor folder [] []
[2020-12-03 20:03:37] app.INFO: Exporting mail with theme modern for language Français (French) [] []
[2020-12-03 20:03:37] app.INFO: Core output folder: D:\wamp64\www\pranked-shop\pranked-1.0/mails [] []
[2020-12-03 20:03:37] app.INFO: Modules output folder: D:\wamp64\www\pranked-shop\pranked-1.0/modules/ [] []
[2020-12-03 20:05:38] app.ERROR: The addon with id 29992 does not have name. [] []
[2020-12-03 20:05:42] app.INFO: Protect vendor folder in module gamification [] []
[2020-12-03 20:05:43] app.INFO: Protect vendor folder in module emarketing [] []
[2020-12-03 20:05:43] app.INFO: Protect vendor folder in module psaddonsconnect [] []
[2020-12-03 20:05:46] app.INFO: Protect vendor folder in module psgdpr [] []
[2020-12-03 20:05:48] app.INFO: Protect vendor folder in module ps_mbo [] []
[2020-12-03 20:05:48] app.INFO: Protect vendor folder in module ps_buybuttonlite [] []
[2020-12-03 20:05:53] app.INFO: Protect vendor folder in module ps_checkout [] []
[2020-12-03 20:06:00] app.INFO: Exporting mail with theme modern for language Français (French) [] []
[2020-12-03 20:06:00] app.INFO: Core output folder: D:\wamp64\www\pranked-shop\pranked-1.0/mails [] []
[2020-12-03 20:06:00] app.INFO: Modules output folder: D:\wamp64\www\pranked-shop\pranked-1.0/modules/ [] []
[2020-12-03 20:07:01] app.ERROR: The addon with id 29992 does not have name. [] []
[2020-12-03 20:07:03] app.INFO: Protect vendor folder in module blockreassurance [] []
[2020-12-03 20:07:03] app.INFO: Module blockreassurance has no vendor folder [] []
[2020-12-07 18:44:33] request.INFO: Matched route "admin_system_information_check_files". {"route":"admin_system_information_check_files","route_parameters":{"_controller":"PrestaShopBundle\\Controller\\Admin\\Configure\\AdvancedParameters\\SystemInformationController::displayCheckFilesAction","_legacy_controller":"AdminInformation","_legacy_link":"AdminInformation:checkFiles","_route":"admin_system_information_check_files"},"request_uri":"http://localhost/pranked-shop/pranked-1.0/admin547itnku5/index.php/configure/advanced/system-information/files?_token=H1ivFbRiC2iLlPmsGjFmh22VBGFT1-6qGuQ16gt5DVU","method":"POST"} []
[2020-12-07 18:44:33] security.DEBUG: Read existing security token from the session. {"key":"_security_main","token_class":"Symfony\\Component\\Security\\Core\\Authentication\\Token\\UsernamePasswordToken"} []
[2020-12-07 18:44:33] security.DEBUG: User was reloaded from a user provider. {"provider":"PrestaShopBundle\\Security\\Admin\\EmployeeProvider","username":"pranked.speed@gmail.com"} []
[2020-12-07 18:46:33] request.CRITICAL: Uncaught PHP Exception Symfony\Component\Debug\Exception\FatalErrorException: "Error: Maximum execution time of 120 seconds exceeded" at D:\wamp64\www\pranked-shop\pranked-1.0\src\Adapter\Requirement\CheckMissingOrUpdatedFiles.php line 70 {"exception":"[object] (Symfony\\Component\\Debug\\Exception\\FatalErrorException(code: 0): Error: Maximum execution time of 120 seconds exceeded at D:\\wamp64\\www\\pranked-shop\\pranked-1.0\\src\\Adapter\\Requirement\\CheckMissingOrUpdatedFiles.php:70)"} []
[2020-12-07 18:46:33] security.DEBUG: Stored the security token in the session. {"key":"_security_main"} []
[2020-12-07 18:46:33] request.CRITICAL: Uncaught PHP Exception Symfony\Component\Debug\Exception\FatalErrorException: "Error: Maximum execution time of 120 seconds exceeded" at D:\wamp64\www\pranked-shop\pranked-1.0\vendor\symfony\symfony\src\Symfony\Component\HttpFoundation\Session\Storage\Handler\StrictSessionHandler.php line 48 {"exception":"[object] (Symfony\\Component\\Debug\\Exception\\FatalErrorException(code: 0): Error: Maximum execution time of 120 seconds exceeded at D:\\wamp64\\www\\pranked-shop\\pranked-1.0\\vendor\\symfony\\symfony\\src\\Symfony\\Component\\HttpFoundation\\Session\\Storage\\Handler\\StrictSessionHandler.php:48)"} []
[2020-12-07 18:46:33] request.CRITICAL: Exception thrown when handling an exception (Twig\Error\RuntimeError: An exception has been thrown during the rendering of a template ("Failed to start the session: already started by PHP."). at D:\wamp64\www\pranked-shop\pranked-1.0\src\PrestaShopBundle\Resources\views\Admin\Exception\error.html.twig line 60) {"exception":"[object] (Twig\\Error\\RuntimeError(code: 0): An exception has been thrown during the rendering of a template (\"Failed to start the session: already started by PHP.\"). at D:\\wamp64\\www\\pranked-shop\\pranked-1.0\\src\\PrestaShopBundle\\Resources\\views\\Admin\\Exception\\error.html.twig:60, RuntimeException(code: 0): Failed to start the session: already started by PHP. at D:\\wamp64\\www\\pranked-shop\\pranked-1.0\\vendor\\symfony\\symfony\\src\\Symfony\\Component\\HttpFoundation\\Session\\Storage\\NativeSessionStorage.php:141)"} []
